<?xml version="1.0" encoding="UTF-8"?>
<testsuite name="academy choucair" tests="1" skipped="0" failures="0" errors="0" timestamp="2020-12-30T16:39:58" hostname="CHMEPPF1WYQYP" time="46.679">
  <properties/>
  <testcase name="Create new user" classname="academy choucair" time="46.679"/>
  <system-out><![CDATA[]]></system-out>
  <system-err><![CDATA[[Test worker] WARN net.thucydides.core.steps.BaseStepListener - stepStarted: net.thucydides.core.steps.ExecutedStepDescription@19eee411
[Test worker] WARN net.thucydides.core.steps.BaseStepListener - stepStarted: net.thucydides.core.steps.ExecutedStepDescription@25b7413
[Test worker] WARN net.thucydides.core.steps.BaseStepListener - stepStarted: net.thucydides.core.steps.ExecutedStepDescription@47f0c443
dic 30, 2020 11:39:59 AM org.openqa.selenium.remote.DesiredCapabilities chrome
INFORMACIÓN: Using `new ChromeOptions()` is preferred to `DesiredCapabilities.chrome()`
[Test worker] INFO net.serenitybdd.core.webdriver.driverproviders.ProvideNewDriver - Instantiating driver
[Test worker] INFO net.serenitybdd.core.webdriver.driverproviders.ProvideNewDriver - Driver capabilities: Capabilities {acceptInsecureCerts: false, browserName: chrome, chrome.switches: --start-maximized, goog:chromeOptions: {args: [--start-maximized], extensions: []}, loggingPrefs: org.openqa.selenium.logging..., platform: ANY, version: }
Starting ChromeDriver 87.0.4280.88 (89e2380a3e36c3464b5dd1302349b1382549290d-refs/branch-heads/4280@{#1761}) on port 26757
Only local connections are allowed.
Please see https://chromedriver.chromium.org/security-considerations for suggestions on keeping ChromeDriver safe.
ChromeDriver was started successfully.
dic 30, 2020 11:40:04 AM org.openqa.selenium.remote.ProtocolHandshake createSession
INFORMACIÓN: Detected dialect: W3C
[Test worker] WARN net.thucydides.core.steps.BaseStepListener - stepFinished: current outcome:Create new user:Given than luis wants create a new user [Luis open up [luis opens the Open up page]]
[Test worker] WARN net.thucydides.core.steps.BaseStepListener - stepFinished: current outcome:Create new user:Given than luis wants create a new user [Luis open up [luis opens the Open up page]]
[Test worker] WARN net.thucydides.core.steps.BaseStepListener - stepFinished: current outcome:Create new user:Given than luis wants create a new user [Luis open up [luis opens the Open up page]]
[Test worker] WARN net.thucydides.core.steps.BaseStepListener - stepStarted: net.thucydides.core.steps.ExecutedStepDescription@457fc0e0
[Test worker] WARN net.thucydides.core.steps.BaseStepListener - stepStarted: net.thucydides.core.steps.ExecutedStepDescription@55cf381e
[Test worker] WARN net.thucydides.core.steps.BaseStepListener - stepStarted: net.thucydides.core.steps.ExecutedStepDescription@78bb54f3
[Test worker] WARN net.thucydides.core.steps.BaseStepListener - stepFinished: current outcome:Create new user:Given than luis wants create a new user [Luis open up [luis opens the Open up page]], When he register in the page utest
| strFirstName | strLastName | strEmail | strMonth | strDay | strYear | strCity | strCodePostal | strPassword |
| luis | moreno | luismoreno343@gmail.com | August | 7 | 1997 | Medellín | 050043 | LuisMoreno7700 | [Luis personal information [luis clicks on button sign in]]
[Test worker] WARN net.thucydides.core.steps.BaseStepListener - stepStarted: net.thucydides.core.steps.ExecutedStepDescription@824a493
[Test worker] WARN net.thucydides.core.steps.BaseStepListener - stepFinished: current outcome:Create new user:Given than luis wants create a new user [Luis open up [luis opens the Open up page]], When he register in the page utest
| strFirstName | strLastName | strEmail | strMonth | strDay | strYear | strCity | strCodePostal | strPassword |
| luis | moreno | luismoreno343@gmail.com | August | 7 | 1997 | Medellín | 050043 | LuisMoreno7700 | [Luis personal information [luis clicks on button sign in, luis enters 'luis' into input first name]]
[Test worker] WARN net.thucydides.core.steps.BaseStepListener - stepStarted: net.thucydides.core.steps.ExecutedStepDescription@43d72402
[Test worker] WARN net.thucydides.core.steps.BaseStepListener - stepFinished: current outcome:Create new user:Given than luis wants create a new user [Luis open up [luis opens the Open up page]], When he register in the page utest
| strFirstName | strLastName | strEmail | strMonth | strDay | strYear | strCity | strCodePostal | strPassword |
| luis | moreno | luismoreno343@gmail.com | August | 7 | 1997 | Medellín | 050043 | LuisMoreno7700 | [Luis personal information [luis clicks on button sign in, luis enters 'luis' into input first name, luis enters 'moreno' into input last name]]
[Test worker] WARN net.thucydides.core.steps.BaseStepListener - stepStarted: net.thucydides.core.steps.ExecutedStepDescription@33c0ba92
[Test worker] WARN net.thucydides.core.steps.BaseStepListener - stepFinished: current outcome:Create new user:Given than luis wants create a new user [Luis open up [luis opens the Open up page]], When he register in the page utest
| strFirstName | strLastName | strEmail | strMonth | strDay | strYear | strCity | strCodePostal | strPassword |
| luis | moreno | luismoreno343@gmail.com | August | 7 | 1997 | Medellín | 050043 | LuisMoreno7700 | [Luis personal information [luis clicks on button sign in, luis enters 'luis' into input first name, luis enters 'moreno' into input last name, luis enters 'luismoreno343@gmail.com' into input email]]
[Test worker] WARN net.thucydides.core.steps.BaseStepListener - stepStarted: net.thucydides.core.steps.ExecutedStepDescription@5c285255
[Test worker] WARN net.thucydides.core.steps.BaseStepListener - stepFinished: current outcome:Create new user:Given than luis wants create a new user [Luis open up [luis opens the Open up page]], When he register in the page utest
| strFirstName | strLastName | strEmail | strMonth | strDay | strYear | strCity | strCodePostal | strPassword |
| luis | moreno | luismoreno343@gmail.com | August | 7 | 1997 | Medellín | 050043 | LuisMoreno7700 | [Luis personal information [luis clicks on button sign in, luis enters 'luis' into input first name, luis enters 'moreno' into input last name, luis enters 'luismoreno343@gmail.com' into input email, luis select August on input month]]
[Test worker] WARN net.thucydides.core.steps.BaseStepListener - stepStarted: net.thucydides.core.steps.ExecutedStepDescription@10cc8fc7
[Test worker] WARN net.thucydides.core.steps.BaseStepListener - stepFinished: current outcome:Create new user:Given than luis wants create a new user [Luis open up [luis opens the Open up page]], When he register in the page utest
| strFirstName | strLastName | strEmail | strMonth | strDay | strYear | strCity | strCodePostal | strPassword |
| luis | moreno | luismoreno343@gmail.com | August | 7 | 1997 | Medellín | 050043 | LuisMoreno7700 | [Luis personal information [luis clicks on button sign in, luis enters 'luis' into input first name, luis enters 'moreno' into input last name, luis enters 'luismoreno343@gmail.com' into input email, luis select August on input month, luis select 7 on input day]]
[Test worker] WARN net.thucydides.core.steps.BaseStepListener - stepStarted: net.thucydides.core.steps.ExecutedStepDescription@5abe027c
[Test worker] WARN net.thucydides.core.steps.BaseStepListener - stepFinished: current outcome:Create new user:Given than luis wants create a new user [Luis open up [luis opens the Open up page]], When he register in the page utest
| strFirstName | strLastName | strEmail | strMonth | strDay | strYear | strCity | strCodePostal | strPassword |
| luis | moreno | luismoreno343@gmail.com | August | 7 | 1997 | Medellín | 050043 | LuisMoreno7700 | [Luis personal information [luis clicks on button sign in, luis enters 'luis' into input first name, luis enters 'moreno' into input last name, luis enters 'luismoreno343@gmail.com' into input email, luis select August on input month, luis select 7 on input day, luis select 1997 on input year]]
[Test worker] WARN net.thucydides.core.steps.BaseStepListener - stepStarted: net.thucydides.core.steps.ExecutedStepDescription@45d59b76
[Test worker] WARN net.thucydides.core.steps.BaseStepListener - stepFinished: current outcome:Create new user:Given than luis wants create a new user [Luis open up [luis opens the Open up page]], When he register in the page utest
| strFirstName | strLastName | strEmail | strMonth | strDay | strYear | strCity | strCodePostal | strPassword |
| luis | moreno | luismoreno343@gmail.com | August | 7 | 1997 | Medellín | 050043 | LuisMoreno7700 | [Luis personal information [luis clicks on button sign in, luis enters 'luis' into input first name, luis enters 'moreno' into input last name, luis enters 'luismoreno343@gmail.com' into input email, luis select August on input month, luis select 7 on input day, luis select 1997 on input year, luis clicks on button next page]]
[Test worker] WARN net.thucydides.core.steps.BaseStepListener - stepFinished: current outcome:Create new user:Given than luis wants create a new user [Luis open up [luis opens the Open up page]], When he register in the page utest
| strFirstName | strLastName | strEmail | strMonth | strDay | strYear | strCity | strCodePostal | strPassword |
| luis | moreno | luismoreno343@gmail.com | August | 7 | 1997 | Medellín | 050043 | LuisMoreno7700 | [Luis personal information [luis clicks on button sign in, luis enters 'luis' into input first name, luis enters 'moreno' into input last name, luis enters 'luismoreno343@gmail.com' into input email, luis select August on input month, luis select 7 on input day, luis select 1997 on input year, luis clicks on button next page]]
[Test worker] WARN net.thucydides.core.steps.BaseStepListener - stepStarted: net.thucydides.core.steps.ExecutedStepDescription@6a3335e4
[Test worker] WARN net.thucydides.core.steps.BaseStepListener - stepStarted: net.thucydides.core.steps.ExecutedStepDescription@52d06fe5
[Test worker] WARN net.thucydides.core.steps.BaseStepListener - stepFinished: current outcome:Create new user:Given than luis wants create a new user [Luis open up [luis opens the Open up page]], When he register in the page utest
| strFirstName | strLastName | strEmail | strMonth | strDay | strYear | strCity | strCodePostal | strPassword |
| luis | moreno | luismoreno343@gmail.com | August | 7 | 1997 | Medellín | 050043 | LuisMoreno7700 | [Luis personal information [luis clicks on button sign in, luis enters 'luis' into input first name, luis enters 'moreno' into input last name, luis enters 'luismoreno343@gmail.com' into input email, luis select August on input month, luis select 7 on input day, luis select 1997 on input year, luis clicks on button next page], Luis location [luis enters 'Medellín' into input city]]
[Test worker] WARN net.thucydides.core.steps.BaseStepListener - stepStarted: net.thucydides.core.steps.ExecutedStepDescription@58a7cf58
[Test worker] WARN net.thucydides.core.steps.BaseStepListener - stepFinished: current outcome:Create new user:Given than luis wants create a new user [Luis open up [luis opens the Open up page]], When he register in the page utest
| strFirstName | strLastName | strEmail | strMonth | strDay | strYear | strCity | strCodePostal | strPassword |
| luis | moreno | luismoreno343@gmail.com | August | 7 | 1997 | Medellín | 050043 | LuisMoreno7700 | [Luis personal information [luis clicks on button sign in, luis enters 'luis' into input first name, luis enters 'moreno' into input last name, luis enters 'luismoreno343@gmail.com' into input email, luis select August on input month, luis select 7 on input day, luis select 1997 on input year, luis clicks on button next page], Luis location [luis enters 'Medellín' into input city, luis enters '050043' into input zip]]
[Test worker] WARN net.thucydides.core.steps.BaseStepListener - stepStarted: net.thucydides.core.steps.ExecutedStepDescription@1b1ab10c
[Test worker] WARN net.thucydides.core.steps.BaseStepListener - stepFinished: current outcome:Create new user:Given than luis wants create a new user [Luis open up [luis opens the Open up page]], When he register in the page utest
| strFirstName | strLastName | strEmail | strMonth | strDay | strYear | strCity | strCodePostal | strPassword |
| luis | moreno | luismoreno343@gmail.com | August | 7 | 1997 | Medellín | 050043 | LuisMoreno7700 | [Luis personal information [luis clicks on button sign in, luis enters 'luis' into input first name, luis enters 'moreno' into input last name, luis enters 'luismoreno343@gmail.com' into input email, luis select August on input month, luis select 7 on input day, luis select 1997 on input year, luis clicks on button next page], Luis location [luis enters 'Medellín' into input city, luis enters '050043' into input zip, luis clicks on input country]]
[Test worker] WARN net.thucydides.core.steps.BaseStepListener - stepStarted: net.thucydides.core.steps.ExecutedStepDescription@122371d9
[Test worker] WARN net.thucydides.core.steps.BaseStepListener - stepFinished: current outcome:Create new user:Given than luis wants create a new user [Luis open up [luis opens the Open up page]], When he register in the page utest
| strFirstName | strLastName | strEmail | strMonth | strDay | strYear | strCity | strCodePostal | strPassword |
| luis | moreno | luismoreno343@gmail.com | August | 7 | 1997 | Medellín | 050043 | LuisMoreno7700 | [Luis personal information [luis clicks on button sign in, luis enters 'luis' into input first name, luis enters 'moreno' into input last name, luis enters 'luismoreno343@gmail.com' into input email, luis select August on input month, luis select 7 on input day, luis select 1997 on input year, luis clicks on button next page], Luis location [luis enters 'Medellín' into input city, luis enters '050043' into input zip, luis clicks on input country, luis clicks on select dropdown country]]
[Test worker] WARN net.thucydides.core.steps.BaseStepListener - stepStarted: net.thucydides.core.steps.ExecutedStepDescription@3c09a360
[Test worker] WARN net.thucydides.core.steps.BaseStepListener - stepFinished: current outcome:Create new user:Given than luis wants create a new user [Luis open up [luis opens the Open up page]], When he register in the page utest
| strFirstName | strLastName | strEmail | strMonth | strDay | strYear | strCity | strCodePostal | strPassword |
| luis | moreno | luismoreno343@gmail.com | August | 7 | 1997 | Medellín | 050043 | LuisMoreno7700 | [Luis personal information [luis clicks on button sign in, luis enters 'luis' into input first name, luis enters 'moreno' into input last name, luis enters 'luismoreno343@gmail.com' into input email, luis select August on input month, luis select 7 on input day, luis select 1997 on input year, luis clicks on button next page], Luis location [luis enters 'Medellín' into input city, luis enters '050043' into input zip, luis clicks on input country, luis clicks on select dropdown country, luis clicks on button next page]]
[Test worker] WARN net.thucydides.core.steps.BaseStepListener - stepFinished: current outcome:Create new user:Given than luis wants create a new user [Luis open up [luis opens the Open up page]], When he register in the page utest
| strFirstName | strLastName | strEmail | strMonth | strDay | strYear | strCity | strCodePostal | strPassword |
| luis | moreno | luismoreno343@gmail.com | August | 7 | 1997 | Medellín | 050043 | LuisMoreno7700 | [Luis personal information [luis clicks on button sign in, luis enters 'luis' into input first name, luis enters 'moreno' into input last name, luis enters 'luismoreno343@gmail.com' into input email, luis select August on input month, luis select 7 on input day, luis select 1997 on input year, luis clicks on button next page], Luis location [luis enters 'Medellín' into input city, luis enters '050043' into input zip, luis clicks on input country, luis clicks on select dropdown country, luis clicks on button next page]]
[Test worker] WARN net.thucydides.core.steps.BaseStepListener - stepStarted: net.thucydides.core.steps.ExecutedStepDescription@52ffd7f7
[Test worker] WARN net.thucydides.core.steps.BaseStepListener - stepStarted: net.thucydides.core.steps.ExecutedStepDescription@23564c5a
[Test worker] WARN net.thucydides.core.steps.BaseStepListener - stepFinished: current outcome:Create new user:Given than luis wants create a new user [Luis open up [luis opens the Open up page]], When he register in the page utest
| strFirstName | strLastName | strEmail | strMonth | strDay | strYear | strCity | strCodePostal | strPassword |
| luis | moreno | luismoreno343@gmail.com | August | 7 | 1997 | Medellín | 050043 | LuisMoreno7700 | [Luis personal information [luis clicks on button sign in, luis enters 'luis' into input first name, luis enters 'moreno' into input last name, luis enters 'luismoreno343@gmail.com' into input email, luis select August on input month, luis select 7 on input day, luis select 1997 on input year, luis clicks on button next page], Luis location [luis enters 'Medellín' into input city, luis enters '050043' into input zip, luis clicks on input country, luis clicks on select dropdown country, luis clicks on button next page], Luis device [luis clicks on input computer]]
[Test worker] WARN net.thucydides.core.steps.BaseStepListener - stepStarted: net.thucydides.core.steps.ExecutedStepDescription@78661e0f
[Test worker] WARN net.thucydides.core.steps.BaseStepListener - stepFinished: current outcome:Create new user:Given than luis wants create a new user [Luis open up [luis opens the Open up page]], When he register in the page utest
| strFirstName | strLastName | strEmail | strMonth | strDay | strYear | strCity | strCodePostal | strPassword |
| luis | moreno | luismoreno343@gmail.com | August | 7 | 1997 | Medellín | 050043 | LuisMoreno7700 | [Luis personal information [luis clicks on button sign in, luis enters 'luis' into input first name, luis enters 'moreno' into input last name, luis enters 'luismoreno343@gmail.com' into input email, luis select August on input month, luis select 7 on input day, luis select 1997 on input year, luis clicks on button next page], Luis location [luis enters 'Medellín' into input city, luis enters '050043' into input zip, luis clicks on input country, luis clicks on select dropdown country, luis clicks on button next page], Luis device [luis clicks on input computer, luis clicks on select computer dropdown]]
[Test worker] WARN net.thucydides.core.steps.BaseStepListener - stepStarted: net.thucydides.core.steps.ExecutedStepDescription@6c4162e2
[Test worker] WARN net.thucydides.core.steps.BaseStepListener - stepFinished: current outcome:Create new user:Given than luis wants create a new user [Luis open up [luis opens the Open up page]], When he register in the page utest
| strFirstName | strLastName | strEmail | strMonth | strDay | strYear | strCity | strCodePostal | strPassword |
| luis | moreno | luismoreno343@gmail.com | August | 7 | 1997 | Medellín | 050043 | LuisMoreno7700 | [Luis personal information [luis clicks on button sign in, luis enters 'luis' into input first name, luis enters 'moreno' into input last name, luis enters 'luismoreno343@gmail.com' into input email, luis select August on input month, luis select 7 on input day, luis select 1997 on input year, luis clicks on button next page], Luis location [luis enters 'Medellín' into input city, luis enters '050043' into input zip, luis clicks on input country, luis clicks on select dropdown country, luis clicks on button next page], Luis device [luis clicks on input computer, luis clicks on select computer dropdown, luis clicks on input version]]
[Test worker] WARN net.thucydides.core.steps.BaseStepListener - stepStarted: net.thucydides.core.steps.ExecutedStepDescription@516be1a2
[Test worker] WARN net.thucydides.core.steps.BaseStepListener - stepFinished: current outcome:Create new user:Given than luis wants create a new user [Luis open up [luis opens the Open up page]], When he register in the page utest
| strFirstName | strLastName | strEmail | strMonth | strDay | strYear | strCity | strCodePostal | strPassword |
| luis | moreno | luismoreno343@gmail.com | August | 7 | 1997 | Medellín | 050043 | LuisMoreno7700 | [Luis personal information [luis clicks on button sign in, luis enters 'luis' into input first name, luis enters 'moreno' into input last name, luis enters 'luismoreno343@gmail.com' into input email, luis select August on input month, luis select 7 on input day, luis select 1997 on input year, luis clicks on button next page], Luis location [luis enters 'Medellín' into input city, luis enters '050043' into input zip, luis clicks on input country, luis clicks on select dropdown country, luis clicks on button next page], Luis device [luis clicks on input computer, luis clicks on select computer dropdown, luis clicks on input version, luis clicks on select version dropdown]]
[Test worker] WARN net.thucydides.core.steps.BaseStepListener - stepStarted: net.thucydides.core.steps.ExecutedStepDescription@177e1cc3
[Test worker] WARN net.thucydides.core.steps.BaseStepListener - stepFinished: current outcome:Create new user:Given than luis wants create a new user [Luis open up [luis opens the Open up page]], When he register in the page utest
| strFirstName | strLastName | strEmail | strMonth | strDay | strYear | strCity | strCodePostal | strPassword |
| luis | moreno | luismoreno343@gmail.com | August | 7 | 1997 | Medellín | 050043 | LuisMoreno7700 | [Luis personal information [luis clicks on button sign in, luis enters 'luis' into input first name, luis enters 'moreno' into input last name, luis enters 'luismoreno343@gmail.com' into input email, luis select August on input month, luis select 7 on input day, luis select 1997 on input year, luis clicks on button next page], Luis location [luis enters 'Medellín' into input city, luis enters '050043' into input zip, luis clicks on input country, luis clicks on select dropdown country, luis clicks on button next page], Luis device [luis clicks on input computer, luis clicks on select computer dropdown, luis clicks on input version, luis clicks on select version dropdown, luis clicks on input language]]
[Test worker] WARN net.thucydides.core.steps.BaseStepListener - stepStarted: net.thucydides.core.steps.ExecutedStepDescription@6413327c
[Test worker] WARN net.thucydides.core.steps.BaseStepListener - stepFinished: current outcome:Create new user:Given than luis wants create a new user [Luis open up [luis opens the Open up page]], When he register in the page utest
| strFirstName | strLastName | strEmail | strMonth | strDay | strYear | strCity | strCodePostal | strPassword |
| luis | moreno | luismoreno343@gmail.com | August | 7 | 1997 | Medellín | 050043 | LuisMoreno7700 | [Luis personal information [luis clicks on button sign in, luis enters 'luis' into input first name, luis enters 'moreno' into input last name, luis enters 'luismoreno343@gmail.com' into input email, luis select August on input month, luis select 7 on input day, luis select 1997 on input year, luis clicks on button next page], Luis location [luis enters 'Medellín' into input city, luis enters '050043' into input zip, luis clicks on input country, luis clicks on select dropdown country, luis clicks on button next page], Luis device [luis clicks on input computer, luis clicks on select computer dropdown, luis clicks on input version, luis clicks on select version dropdown, luis clicks on input language, luis clicks on select language dropdown]]
[Test worker] WARN net.thucydides.core.steps.BaseStepListener - stepStarted: net.thucydides.core.steps.ExecutedStepDescription@27b33dd4
[Test worker] WARN net.thucydides.core.steps.BaseStepListener - stepFinished: current outcome:Create new user:Given than luis wants create a new user [Luis open up [luis opens the Open up page]], When he register in the page utest
| strFirstName | strLastName | strEmail | strMonth | strDay | strYear | strCity | strCodePostal | strPassword |
| luis | moreno | luismoreno343@gmail.com | August | 7 | 1997 | Medellín | 050043 | LuisMoreno7700 | [Luis personal information [luis clicks on button sign in, luis enters 'luis' into input first name, luis enters 'moreno' into input last name, luis enters 'luismoreno343@gmail.com' into input email, luis select August on input month, luis select 7 on input day, luis select 1997 on input year, luis clicks on button next page], Luis location [luis enters 'Medellín' into input city, luis enters '050043' into input zip, luis clicks on input country, luis clicks on select dropdown country, luis clicks on button next page], Luis device [luis clicks on input computer, luis clicks on select computer dropdown, luis clicks on input version, luis clicks on select version dropdown, luis clicks on input language, luis clicks on select language dropdown, luis clicks on input device]]
[Test worker] WARN net.thucydides.core.steps.BaseStepListener - stepStarted: net.thucydides.core.steps.ExecutedStepDescription@e2aee9e
[Test worker] WARN net.thucydides.core.steps.BaseStepListener - stepFinished: current outcome:Create new user:Given than luis wants create a new user [Luis open up [luis opens the Open up page]], When he register in the page utest
| strFirstName | strLastName | strEmail | strMonth | strDay | strYear | strCity | strCodePostal | strPassword |
| luis | moreno | luismoreno343@gmail.com | August | 7 | 1997 | Medellín | 050043 | LuisMoreno7700 | [Luis personal information [luis clicks on button sign in, luis enters 'luis' into input first name, luis enters 'moreno' into input last name, luis enters 'luismoreno343@gmail.com' into input email, luis select August on input month, luis select 7 on input day, luis select 1997 on input year, luis clicks on button next page], Luis location [luis enters 'Medellín' into input city, luis enters '050043' into input zip, luis clicks on input country, luis clicks on select dropdown country, luis clicks on button next page], Luis device [luis clicks on input computer, luis clicks on select computer dropdown, luis clicks on input version, luis clicks on select version dropdown, luis clicks on input language, luis clicks on select language dropdown, luis clicks on input device, luis clicks on select device dropdown]]
[Test worker] WARN net.thucydides.core.steps.BaseStepListener - stepStarted: net.thucydides.core.steps.ExecutedStepDescription@78302ee8
[Test worker] WARN net.thucydides.core.steps.BaseStepListener - stepFinished: current outcome:Create new user:Given than luis wants create a new user [Luis open up [luis opens the Open up page]], When he register in the page utest
| strFirstName | strLastName | strEmail | strMonth | strDay | strYear | strCity | strCodePostal | strPassword |
| luis | moreno | luismoreno343@gmail.com | August | 7 | 1997 | Medellín | 050043 | LuisMoreno7700 | [Luis personal information [luis clicks on button sign in, luis enters 'luis' into input first name, luis enters 'moreno' into input last name, luis enters 'luismoreno343@gmail.com' into input email, luis select August on input month, luis select 7 on input day, luis select 1997 on input year, luis clicks on button next page], Luis location [luis enters 'Medellín' into input city, luis enters '050043' into input zip, luis clicks on input country, luis clicks on select dropdown country, luis clicks on button next page], Luis device [luis clicks on input computer, luis clicks on select computer dropdown, luis clicks on input version, luis clicks on select version dropdown, luis clicks on input language, luis clicks on select language dropdown, luis clicks on input device, luis clicks on select device dropdown, luis clicks on input model]]
[Test worker] WARN net.thucydides.core.steps.BaseStepListener - stepStarted: net.thucydides.core.steps.ExecutedStepDescription@3654c073
[Test worker] WARN net.thucydides.core.steps.BaseStepListener - stepFinished: current outcome:Create new user:Given than luis wants create a new user [Luis open up [luis opens the Open up page]], When he register in the page utest
| strFirstName | strLastName | strEmail | strMonth | strDay | strYear | strCity | strCodePostal | strPassword |
| luis | moreno | luismoreno343@gmail.com | August | 7 | 1997 | Medellín | 050043 | LuisMoreno7700 | [Luis personal information [luis clicks on button sign in, luis enters 'luis' into input first name, luis enters 'moreno' into input last name, luis enters 'luismoreno343@gmail.com' into input email, luis select August on input month, luis select 7 on input day, luis select 1997 on input year, luis clicks on button next page], Luis location [luis enters 'Medellín' into input city, luis enters '050043' into input zip, luis clicks on input country, luis clicks on select dropdown country, luis clicks on button next page], Luis device [luis clicks on input computer, luis clicks on select computer dropdown, luis clicks on input version, luis clicks on select version dropdown, luis clicks on input language, luis clicks on select language dropdown, luis clicks on input device, luis clicks on select device dropdown, luis clicks on input model, luis clicks on select model dropdown]]
[Test worker] WARN net.thucydides.core.steps.BaseStepListener - stepStarted: net.thucydides.core.steps.ExecutedStepDescription@2b256e41
[Test worker] WARN net.thucydides.core.steps.BaseStepListener - stepFinished: current outcome:Create new user:Given than luis wants create a new user [Luis open up [luis opens the Open up page]], When he register in the page utest
| strFirstName | strLastName | strEmail | strMonth | strDay | strYear | strCity | strCodePostal | strPassword |
| luis | moreno | luismoreno343@gmail.com | August | 7 | 1997 | Medellín | 050043 | LuisMoreno7700 | [Luis personal information [luis clicks on button sign in, luis enters 'luis' into input first name, luis enters 'moreno' into input last name, luis enters 'luismoreno343@gmail.com' into input email, luis select August on input month, luis select 7 on input day, luis select 1997 on input year, luis clicks on button next page], Luis location [luis enters 'Medellín' into input city, luis enters '050043' into input zip, luis clicks on input country, luis clicks on select dropdown country, luis clicks on button next page], Luis device [luis clicks on input computer, luis clicks on select computer dropdown, luis clicks on input version, luis clicks on select version dropdown, luis clicks on input language, luis clicks on select language dropdown, luis clicks on input device, luis clicks on select device dropdown, luis clicks on input model, luis clicks on select model dropdown, luis clicks on input system]]
[Test worker] WARN net.thucydides.core.steps.BaseStepListener - stepStarted: net.thucydides.core.steps.ExecutedStepDescription@213a0aa8
[Test worker] WARN net.thucydides.core.steps.BaseStepListener - stepFinished: current outcome:Create new user:Given than luis wants create a new user [Luis open up [luis opens the Open up page]], When he register in the page utest
| strFirstName | strLastName | strEmail | strMonth | strDay | strYear | strCity | strCodePostal | strPassword |
| luis | moreno | luismoreno343@gmail.com | August | 7 | 1997 | Medellín | 050043 | LuisMoreno7700 | [Luis personal information [luis clicks on button sign in, luis enters 'luis' into input first name, luis enters 'moreno' into input last name, luis enters 'luismoreno343@gmail.com' into input email, luis select August on input month, luis select 7 on input day, luis select 1997 on input year, luis clicks on button next page], Luis location [luis enters 'Medellín' into input city, luis enters '050043' into input zip, luis clicks on input country, luis clicks on select dropdown country, luis clicks on button next page], Luis device [luis clicks on input computer, luis clicks on select computer dropdown, luis clicks on input version, luis clicks on select version dropdown, luis clicks on input language, luis clicks on select language dropdown, luis clicks on input device, luis clicks on select device dropdown, luis clicks on input model, luis clicks on select model dropdown, luis clicks on input system, luis clicks on select system dropdown]]
[Test worker] WARN net.thucydides.core.steps.BaseStepListener - stepStarted: net.thucydides.core.steps.ExecutedStepDescription@6c937a00
[Test worker] WARN net.thucydides.core.steps.BaseStepListener - stepFinished: current outcome:Create new user:Given than luis wants create a new user [Luis open up [luis opens the Open up page]], When he register in the page utest
| strFirstName | strLastName | strEmail | strMonth | strDay | strYear | strCity | strCodePostal | strPassword |
| luis | moreno | luismoreno343@gmail.com | August | 7 | 1997 | Medellín | 050043 | LuisMoreno7700 | [Luis personal information [luis clicks on button sign in, luis enters 'luis' into input first name, luis enters 'moreno' into input last name, luis enters 'luismoreno343@gmail.com' into input email, luis select August on input month, luis select 7 on input day, luis select 1997 on input year, luis clicks on button next page], Luis location [luis enters 'Medellín' into input city, luis enters '050043' into input zip, luis clicks on input country, luis clicks on select dropdown country, luis clicks on button next page], Luis device [luis clicks on input computer, luis clicks on select computer dropdown, luis clicks on input version, luis clicks on select version dropdown, luis clicks on input language, luis clicks on select language dropdown, luis clicks on input device, luis clicks on select device dropdown, luis clicks on input model, luis clicks on select model dropdown, luis clicks on input system, luis clicks on select system dropdown, luis clicks on button next page]]
[Test worker] WARN net.thucydides.core.steps.BaseStepListener - stepFinished: current outcome:Create new user:Given than luis wants create a new user [Luis open up [luis opens the Open up page]], When he register in the page utest
| strFirstName | strLastName | strEmail | strMonth | strDay | strYear | strCity | strCodePostal | strPassword |
| luis | moreno | luismoreno343@gmail.com | August | 7 | 1997 | Medellín | 050043 | LuisMoreno7700 | [Luis personal information [luis clicks on button sign in, luis enters 'luis' into input first name, luis enters 'moreno' into input last name, luis enters 'luismoreno343@gmail.com' into input email, luis select August on input month, luis select 7 on input day, luis select 1997 on input year, luis clicks on button next page], Luis location [luis enters 'Medellín' into input city, luis enters '050043' into input zip, luis clicks on input country, luis clicks on select dropdown country, luis clicks on button next page], Luis device [luis clicks on input computer, luis clicks on select computer dropdown, luis clicks on input version, luis clicks on select version dropdown, luis clicks on input language, luis clicks on select language dropdown, luis clicks on input device, luis clicks on select device dropdown, luis clicks on input model, luis clicks on select model dropdown, luis clicks on input system, luis clicks on select system dropdown, luis clicks on button next page]]
[Test worker] WARN net.thucydides.core.steps.BaseStepListener - stepStarted: net.thucydides.core.steps.ExecutedStepDescription@384b54d1
[Test worker] WARN net.thucydides.core.steps.BaseStepListener - stepStarted: net.thucydides.core.steps.ExecutedStepDescription@27e995ee
[Test worker] WARN net.thucydides.core.steps.BaseStepListener - stepFinished: current outcome:Create new user:Given than luis wants create a new user [Luis open up [luis opens the Open up page]], When he register in the page utest
| strFirstName | strLastName | strEmail | strMonth | strDay | strYear | strCity | strCodePostal | strPassword |
| luis | moreno | luismoreno343@gmail.com | August | 7 | 1997 | Medellín | 050043 | LuisMoreno7700 | [Luis personal information [luis clicks on button sign in, luis enters 'luis' into input first name, luis enters 'moreno' into input last name, luis enters 'luismoreno343@gmail.com' into input email, luis select August on input month, luis select 7 on input day, luis select 1997 on input year, luis clicks on button next page], Luis location [luis enters 'Medellín' into input city, luis enters '050043' into input zip, luis clicks on input country, luis clicks on select dropdown country, luis clicks on button next page], Luis device [luis clicks on input computer, luis clicks on select computer dropdown, luis clicks on input version, luis clicks on select version dropdown, luis clicks on input language, luis clicks on select language dropdown, luis clicks on input device, luis clicks on select device dropdown, luis clicks on input model, luis clicks on select model dropdown, luis clicks on input system, luis clicks on select system dropdown, luis clicks on button next page], Luis last step [luis enters 'LuisMoreno7700' into input password]]
[Test worker] WARN net.thucydides.core.steps.BaseStepListener - stepStarted: net.thucydides.core.steps.ExecutedStepDescription@6adb51f6
[Test worker] WARN net.thucydides.core.steps.BaseStepListener - stepFinished: current outcome:Create new user:Given than luis wants create a new user [Luis open up [luis opens the Open up page]], When he register in the page utest
| strFirstName | strLastName | strEmail | strMonth | strDay | strYear | strCity | strCodePostal | strPassword |
| luis | moreno | luismoreno343@gmail.com | August | 7 | 1997 | Medellín | 050043 | LuisMoreno7700 | [Luis personal information [luis clicks on button sign in, luis enters 'luis' into input first name, luis enters 'moreno' into input last name, luis enters 'luismoreno343@gmail.com' into input email, luis select August on input month, luis select 7 on input day, luis select 1997 on input year, luis clicks on button next page], Luis location [luis enters 'Medellín' into input city, luis enters '050043' into input zip, luis clicks on input country, luis clicks on select dropdown country, luis clicks on button next page], Luis device [luis clicks on input computer, luis clicks on select computer dropdown, luis clicks on input version, luis clicks on select version dropdown, luis clicks on input language, luis clicks on select language dropdown, luis clicks on input device, luis clicks on select device dropdown, luis clicks on input model, luis clicks on select model dropdown, luis clicks on input system, luis clicks on select system dropdown, luis clicks on button next page], Luis last step [luis enters 'LuisMoreno7700' into input password, luis enters 'LuisMoreno7700' into input confirm password]]
[Test worker] WARN net.thucydides.core.steps.BaseStepListener - stepStarted: net.thucydides.core.steps.ExecutedStepDescription@3395f483
[Test worker] WARN net.thucydides.core.steps.BaseStepListener - stepFinished: current outcome:Create new user:Given than luis wants create a new user [Luis open up [luis opens the Open up page]], When he register in the page utest
| strFirstName | strLastName | strEmail | strMonth | strDay | strYear | strCity | strCodePostal | strPassword |
| luis | moreno | luismoreno343@gmail.com | August | 7 | 1997 | Medellín | 050043 | LuisMoreno7700 | [Luis personal information [luis clicks on button sign in, luis enters 'luis' into input first name, luis enters 'moreno' into input last name, luis enters 'luismoreno343@gmail.com' into input email, luis select August on input month, luis select 7 on input day, luis select 1997 on input year, luis clicks on button next page], Luis location [luis enters 'Medellín' into input city, luis enters '050043' into input zip, luis clicks on input country, luis clicks on select dropdown country, luis clicks on button next page], Luis device [luis clicks on input computer, luis clicks on select computer dropdown, luis clicks on input version, luis clicks on select version dropdown, luis clicks on input language, luis clicks on select language dropdown, luis clicks on input device, luis clicks on select device dropdown, luis clicks on input model, luis clicks on select model dropdown, luis clicks on input system, luis clicks on select system dropdown, luis clicks on button next page], Luis last step [luis enters 'LuisMoreno7700' into input password, luis enters 'LuisMoreno7700' into input confirm password, luis clicks on check stay informed]]
[Test worker] WARN net.thucydides.core.steps.BaseStepListener - stepStarted: net.thucydides.core.steps.ExecutedStepDescription@32aabf20
[Test worker] WARN net.thucydides.core.steps.BaseStepListener - stepFinished: current outcome:Create new user:Given than luis wants create a new user [Luis open up [luis opens the Open up page]], When he register in the page utest
| strFirstName | strLastName | strEmail | strMonth | strDay | strYear | strCity | strCodePostal | strPassword |
| luis | moreno | luismoreno343@gmail.com | August | 7 | 1997 | Medellín | 050043 | LuisMoreno7700 | [Luis personal information [luis clicks on button sign in, luis enters 'luis' into input first name, luis enters 'moreno' into input last name, luis enters 'luismoreno343@gmail.com' into input email, luis select August on input month, luis select 7 on input day, luis select 1997 on input year, luis clicks on button next page], Luis location [luis enters 'Medellín' into input city, luis enters '050043' into input zip, luis clicks on input country, luis clicks on select dropdown country, luis clicks on button next page], Luis device [luis clicks on input computer, luis clicks on select computer dropdown, luis clicks on input version, luis clicks on select version dropdown, luis clicks on input language, luis clicks on select language dropdown, luis clicks on input device, luis clicks on select device dropdown, luis clicks on input model, luis clicks on select model dropdown, luis clicks on input system, luis clicks on select system dropdown, luis clicks on button next page], Luis last step [luis enters 'LuisMoreno7700' into input password, luis enters 'LuisMoreno7700' into input confirm password, luis clicks on check stay informed, luis clicks on check terms of use]]
[Test worker] WARN net.thucydides.core.steps.BaseStepListener - stepStarted: net.thucydides.core.steps.ExecutedStepDescription@6317e079
[Test worker] WARN net.thucydides.core.steps.BaseStepListener - stepFinished: current outcome:Create new user:Given than luis wants create a new user [Luis open up [luis opens the Open up page]], When he register in the page utest
| strFirstName | strLastName | strEmail | strMonth | strDay | strYear | strCity | strCodePostal | strPassword |
| luis | moreno | luismoreno343@gmail.com | August | 7 | 1997 | Medellín | 050043 | LuisMoreno7700 | [Luis personal information [luis clicks on button sign in, luis enters 'luis' into input first name, luis enters 'moreno' into input last name, luis enters 'luismoreno343@gmail.com' into input email, luis select August on input month, luis select 7 on input day, luis select 1997 on input year, luis clicks on button next page], Luis location [luis enters 'Medellín' into input city, luis enters '050043' into input zip, luis clicks on input country, luis clicks on select dropdown country, luis clicks on button next page], Luis device [luis clicks on input computer, luis clicks on select computer dropdown, luis clicks on input version, luis clicks on select version dropdown, luis clicks on input language, luis clicks on select language dropdown, luis clicks on input device, luis clicks on select device dropdown, luis clicks on input model, luis clicks on select model dropdown, luis clicks on input system, luis clicks on select system dropdown, luis clicks on button next page], Luis last step [luis enters 'LuisMoreno7700' into input password, luis enters 'LuisMoreno7700' into input confirm password, luis clicks on check stay informed, luis clicks on check terms of use, luis clicks on check privacy and security]]
[Test worker] WARN net.thucydides.core.steps.BaseStepListener - stepFinished: current outcome:Create new user:Given than luis wants create a new user [Luis open up [luis opens the Open up page]], When he register in the page utest
| strFirstName | strLastName | strEmail | strMonth | strDay | strYear | strCity | strCodePostal | strPassword |
| luis | moreno | luismoreno343@gmail.com | August | 7 | 1997 | Medellín | 050043 | LuisMoreno7700 | [Luis personal information [luis clicks on button sign in, luis enters 'luis' into input first name, luis enters 'moreno' into input last name, luis enters 'luismoreno343@gmail.com' into input email, luis select August on input month, luis select 7 on input day, luis select 1997 on input year, luis clicks on button next page], Luis location [luis enters 'Medellín' into input city, luis enters '050043' into input zip, luis clicks on input country, luis clicks on select dropdown country, luis clicks on button next page], Luis device [luis clicks on input computer, luis clicks on select computer dropdown, luis clicks on input version, luis clicks on select version dropdown, luis clicks on input language, luis clicks on select language dropdown, luis clicks on input device, luis clicks on select device dropdown, luis clicks on input model, luis clicks on select model dropdown, luis clicks on input system, luis clicks on select system dropdown, luis clicks on button next page], Luis last step [luis enters 'LuisMoreno7700' into input password, luis enters 'LuisMoreno7700' into input confirm password, luis clicks on check stay informed, luis clicks on check terms of use, luis clicks on check privacy and security]]
[Test worker] WARN net.thucydides.core.steps.BaseStepListener - stepFinished: current outcome:Create new user:Given than luis wants create a new user [Luis open up [luis opens the Open up page]], When he register in the page utest
| strFirstName | strLastName | strEmail | strMonth | strDay | strYear | strCity | strCodePostal | strPassword |
| luis | moreno | luismoreno343@gmail.com | August | 7 | 1997 | Medellín | 050043 | LuisMoreno7700 | [Luis personal information [luis clicks on button sign in, luis enters 'luis' into input first name, luis enters 'moreno' into input last name, luis enters 'luismoreno343@gmail.com' into input email, luis select August on input month, luis select 7 on input day, luis select 1997 on input year, luis clicks on button next page], Luis location [luis enters 'Medellín' into input city, luis enters '050043' into input zip, luis clicks on input country, luis clicks on select dropdown country, luis clicks on button next page], Luis device [luis clicks on input computer, luis clicks on select computer dropdown, luis clicks on input version, luis clicks on select version dropdown, luis clicks on input language, luis clicks on select language dropdown, luis clicks on input device, luis clicks on select device dropdown, luis clicks on input model, luis clicks on select model dropdown, luis clicks on input system, luis clicks on select system dropdown, luis clicks on button next page], Luis last step [luis enters 'LuisMoreno7700' into input password, luis enters 'LuisMoreno7700' into input confirm password, luis clicks on check stay informed, luis clicks on check terms of use, luis clicks on check privacy and security]]
[Test worker] WARN net.thucydides.core.steps.BaseStepListener - stepStarted: net.thucydides.core.steps.ExecutedStepDescription@671f8cf4
[Test worker] WARN net.thucydides.core.steps.BaseStepListener - stepStarted: net.thucydides.core.steps.ExecutedStepDescription@1c59a97e
[Test worker] WARN net.thucydides.core.steps.BaseStepListener - stepFinished: current outcome:Create new user:Given than luis wants create a new user [Luis open up [luis opens the Open up page]], When he register in the page utest
| strFirstName | strLastName | strEmail | strMonth | strDay | strYear | strCity | strCodePostal | strPassword |
| luis | moreno | luismoreno343@gmail.com | August | 7 | 1997 | Medellín | 050043 | LuisMoreno7700 | [Luis personal information [luis clicks on button sign in, luis enters 'luis' into input first name, luis enters 'moreno' into input last name, luis enters 'luismoreno343@gmail.com' into input email, luis select August on input month, luis select 7 on input day, luis select 1997 on input year, luis clicks on button next page], Luis location [luis enters 'Medellín' into input city, luis enters '050043' into input zip, luis clicks on input country, luis clicks on select dropdown country, luis clicks on button next page], Luis device [luis clicks on input computer, luis clicks on select computer dropdown, luis clicks on input version, luis clicks on select version dropdown, luis clicks on input language, luis clicks on select language dropdown, luis clicks on input device, luis clicks on select device dropdown, luis clicks on input model, luis clicks on select model dropdown, luis clicks on input system, luis clicks on select system dropdown, luis clicks on button next page], Luis last step [luis enters 'LuisMoreno7700' into input password, luis enters 'LuisMoreno7700' into input confirm password, luis clicks on check stay informed, luis clicks on check terms of use, luis clicks on check privacy and security]], Then he will have a new user in the page
| strText |
| Welcome to the world's largest community of testers. | [Then answer]
[Test worker] WARN net.thucydides.core.steps.BaseStepListener - stepFinished: current outcome:Create new user:Given than luis wants create a new user [Luis open up [luis opens the Open up page]], When he register in the page utest
| strFirstName | strLastName | strEmail | strMonth | strDay | strYear | strCity | strCodePostal | strPassword |
| luis | moreno | luismoreno343@gmail.com | August | 7 | 1997 | Medellín | 050043 | LuisMoreno7700 | [Luis personal information [luis clicks on button sign in, luis enters 'luis' into input first name, luis enters 'moreno' into input last name, luis enters 'luismoreno343@gmail.com' into input email, luis select August on input month, luis select 7 on input day, luis select 1997 on input year, luis clicks on button next page], Luis location [luis enters 'Medellín' into input city, luis enters '050043' into input zip, luis clicks on input country, luis clicks on select dropdown country, luis clicks on button next page], Luis device [luis clicks on input computer, luis clicks on select computer dropdown, luis clicks on input version, luis clicks on select version dropdown, luis clicks on input language, luis clicks on select language dropdown, luis clicks on input device, luis clicks on select device dropdown, luis clicks on input model, luis clicks on select model dropdown, luis clicks on input system, luis clicks on select system dropdown, luis clicks on button next page], Luis last step [luis enters 'LuisMoreno7700' into input password, luis enters 'LuisMoreno7700' into input confirm password, luis clicks on check stay informed, luis clicks on check terms of use, luis clicks on check privacy and security]], Then he will have a new user in the page
| strText |
| Welcome to the world's largest community of testers. | [Then answer]
[Test worker] WARN net.thucydides.core.steps.BaseStepListener - testFinished: Create new user:Given than luis wants create a new user [Luis open up [luis opens the Open up page]], When he register in the page utest
| strFirstName | strLastName | strEmail | strMonth | strDay | strYear | strCity | strCodePostal | strPassword |
| luis | moreno | luismoreno343@gmail.com | August | 7 | 1997 | Medellín | 050043 | LuisMoreno7700 | [Luis personal information [luis clicks on button sign in, luis enters 'luis' into input first name, luis enters 'moreno' into input last name, luis enters 'luismoreno343@gmail.com' into input email, luis select August on input month, luis select 7 on input day, luis select 1997 on input year, luis clicks on button next page], Luis location [luis enters 'Medellín' into input city, luis enters '050043' into input zip, luis clicks on input country, luis clicks on select dropdown country, luis clicks on button next page], Luis device [luis clicks on input computer, luis clicks on select computer dropdown, luis clicks on input version, luis clicks on select version dropdown, luis clicks on input language, luis clicks on select language dropdown, luis clicks on input device, luis clicks on select device dropdown, luis clicks on input model, luis clicks on select model dropdown, luis clicks on input system, luis clicks on select system dropdown, luis clicks on button next page], Luis last step [luis enters 'LuisMoreno7700' into input password, luis enters 'LuisMoreno7700' into input confirm password, luis clicks on check stay informed, luis clicks on check terms of use, luis clicks on check privacy and security]], Then he will have a new user in the page
| strText |
| Welcome to the world's largest community of testers. | [Then answer]
[Test worker] WARN net.thucydides.core.steps.BaseStepListener - TestOutcomes: [Create new user:Given than luis wants create a new user [Luis open up [luis opens the Open up page]], When he register in the page utest
| strFirstName | strLastName | strEmail | strMonth | strDay | strYear | strCity | strCodePostal | strPassword |
| luis | moreno | luismoreno343@gmail.com | August | 7 | 1997 | Medellín | 050043 | LuisMoreno7700 | [Luis personal information [luis clicks on button sign in, luis enters 'luis' into input first name, luis enters 'moreno' into input last name, luis enters 'luismoreno343@gmail.com' into input email, luis select August on input month, luis select 7 on input day, luis select 1997 on input year, luis clicks on button next page], Luis location [luis enters 'Medellín' into input city, luis enters '050043' into input zip, luis clicks on input country, luis clicks on select dropdown country, luis clicks on button next page], Luis device [luis clicks on input computer, luis clicks on select computer dropdown, luis clicks on input version, luis clicks on select version dropdown, luis clicks on input language, luis clicks on select language dropdown, luis clicks on input device, luis clicks on select device dropdown, luis clicks on input model, luis clicks on select model dropdown, luis clicks on input system, luis clicks on select system dropdown, luis clicks on button next page], Luis last step [luis enters 'LuisMoreno7700' into input password, luis enters 'LuisMoreno7700' into input confirm password, luis clicks on check stay informed, luis clicks on check terms of use, luis clicks on check privacy and security]], Then he will have a new user in the page
| strText |
| Welcome to the world's largest community of testers. | [Then answer]]
[Test worker] WARN net.thucydides.core.steps.BaseStepListener - Final testOutcomes: [Create new user:Given than luis wants create a new user [Luis open up [luis opens the Open up page]], When he register in the page utest
| strFirstName | strLastName | strEmail | strMonth | strDay | strYear | strCity | strCodePostal | strPassword |
| luis | moreno | luismoreno343@gmail.com | August | 7 | 1997 | Medellín | 050043 | LuisMoreno7700 | [Luis personal information [luis clicks on button sign in, luis enters 'luis' into input first name, luis enters 'moreno' into input last name, luis enters 'luismoreno343@gmail.com' into input email, luis select August on input month, luis select 7 on input day, luis select 1997 on input year, luis clicks on button next page], Luis location [luis enters 'Medellín' into input city, luis enters '050043' into input zip, luis clicks on input country, luis clicks on select dropdown country, luis clicks on button next page], Luis device [luis clicks on input computer, luis clicks on select computer dropdown, luis clicks on input version, luis clicks on select version dropdown, luis clicks on input language, luis clicks on select language dropdown, luis clicks on input device, luis clicks on select device dropdown, luis clicks on input model, luis clicks on select model dropdown, luis clicks on input system, luis clicks on select system dropdown, luis clicks on button next page], Luis last step [luis enters 'LuisMoreno7700' into input password, luis enters 'LuisMoreno7700' into input confirm password, luis clicks on check stay informed, luis clicks on check terms of use, luis clicks on check privacy and security]], Then he will have a new user in the page
| strText |
| Welcome to the world's largest community of testers. | [Then answer]]
[Test worker] INFO net.thucydides.core.steps.ConsoleLoggingListener - 
        __    _____ _____ ____ _____   ____   _    ____  ____  _____ ____  
  _     \ \  |_   _| ____/ ___|_   _| |  _ \ / \  / ___|/ ___|| ____|  _ \ 
 (_)_____| |   | | |  _| \___ \ | |   | |_) / _ \ \___ \\___ \|  _| | | | |
  _|_____| |   | | | |___ ___) || |   |  __/ ___ \ ___) |___) | |___| |_| |
 (_)     | |   |_| |_____|____/ |_|   |_| /_/   \_\____/|____/|_____|____/ 
        /_/                                                                

TEST PASSED: Create new user
----------------------------------------------------------------------------
]]></system-err>
</testsuite>
